2026-03-27 14:00:52 | INFO    | [main] [System] DeepX NPU 환경으로 초기화를 시작합니다.
2026-03-27 14:00:53 | INFO    | [main] 민감도 설정: 5
2026-03-27 14:00:57 | INFO    | [main] Loading DeepX Models...
2026-03-27 14:00:57 | INFO    | [__init__] [DeepX] 모델 로드 성공: helmet_3cls_v8_new.dxnn
2026-03-27 14:00:57 | INFO    | [__init__] [DeepX] 모델 로드 성공: YOLOV8M-1.dxnn
2026-03-27 14:00:57 | INFO    | [main] Load [CAM 1]: 170_9001 -> NPU 0
2026-03-27 14:00:57 | INFO    | [main] Load [CAM 2]: 170_9002 -> NPU 0
2026-03-27 14:00:57 | INFO    | [main] Load [CAM 3]: 170_9003 -> NPU 0
2026-03-27 14:00:57 | INFO    | [main] 모니터링 시작 (상시 녹화 모드 / 종료: Ctrl+C 또는 'q')
2026-03-27 14:00:58 | INFO    | [_run] [170_9001] 수신된 해상도: 1280 x 720
2026-03-27 14:00:59 | INFO    | [_run] [170_9002] 수신된 해상도: 1280 x 720
2026-03-27 14:01:02 | INFO    | [_run] [170_9003] 수신된 해상도: 1920 x 1080
2026-03-27 14:01:53 | WARNING | [_trigger] 🚨 [CAM 1] conveyor_crossing Detected! ID:8
2026-03-27 14:01:53 | INFO    | [trigger] 🎥 [녹화시작] 170_9001 - conveyor_crossing
2026-03-27 14:01:54 | INFO    | [send_event_image_to_receiver] [API 전송 성공] 20260327_140153_170_9001_conveyor_crossing_8.jpg
2026-03-27 14:02:03 | INFO    | [update] 🎬 [녹화종료] 170_9001 - conveyor_crossing
2026-03-27 14:02:09 | WARNING | [_trigger] 🚨 [CAM 3] signal_vehicle Detected! ID:1
2026-03-27 14:02:09 | INFO    | [trigger] 🎥 [녹화시작] 170_9003 - signal_vehicle
2026-03-27 14:02:10 | INFO    | [send_event_image_to_receiver] [API 전송 성공] 20260327_140209_170_9003_signal_vehicle_1.jpg
2026-03-27 14:02:19 | INFO    | [update] 🎬 [녹화종료] 170_9003 - signal_vehicle
2026-03-27 14:04:20 | WARNING | [_trigger] 🚨 [CAM 1] conveyor_crossing Detected! ID:38
2026-03-27 14:04:20 | INFO    | [trigger] 🎥 [녹화시작] 170_9001 - conveyor_crossing
2026-03-27 14:04:20 | INFO    | [send_event_image_to_receiver] [API 전송 성공] 20260327_140420_170_9001_conveyor_crossing_38.jpg
2026-03-27 14:04:30 | INFO    | [update] 🎬 [녹화종료] 170_9001 - conveyor_crossing
2026-03-27 14:06:41 | WARNING | [_trigger] 🚨 [CAM 1] conveyor_crossing Detected! ID:70
2026-03-27 14:06:41 | INFO    | [trigger] 🎥 [녹화시작] 170_9001 - conveyor_crossing
2026-03-27 14:06:42 | INFO    | [send_event_image_to_receiver] [API 전송 성공] 20260327_140641_170_9001_conveyor_crossing_70.jpg
2026-03-27 14:06:51 | INFO    | [update] 🎬 [녹화종료] 170_9001 - conveyor_crossing
